<?xml version="1.0" encoding="UTF-8"?>
<!-- Generated by org.testng.reporters.JUnitReportReporter -->
<testsuite hostname="LAP28" name="com.xamplify.login.Login" tests="1" failures="0" timestamp="21 Jan 2019 14:51:23 GMT" time="142.379" errors="0">
  <testcase name="samplemethod" time="142.379" classname="com.xamplify.login.Login"/>
</testsuite> <!-- com.xamplify.login.Login -->
