<?xml version="1.0" encoding="UTF-8"?>
<!-- Generated by org.testng.reporters.JUnitReportReporter -->
<testsuite hostname="LAP28" name="com.xamplify.LIVE.Login" tests="2" failures="0" timestamp="13 Nov 2019 09:28:08 GMT" time="36.922" errors="0">
  <testcase name="start" time="15.529" classname="com.xamplify.LIVE.Login"/>
  <testcase name="login" time="21.393" classname="com.xamplify.LIVE.Login"/>
</testsuite> <!-- com.xamplify.LIVE.Login -->
