<?xml version="1.0" encoding="UTF-8"?>
<!-- Generated by org.testng.reporters.JUnitReportReporter -->
<testsuite hostname="LAP018" failures="0" tests="2" name="com.xamplify.LIVE.Login" time="28.427" errors="0" timestamp="18 Nov 2019 09:08:30 GMT">
  <testcase classname="com.xamplify.LIVE.Login" name="start" time="7.716"/>
  <testcase classname="com.xamplify.LIVE.Login" name="login" time="20.711"/>
</testsuite> <!-- com.xamplify.LIVE.Login -->
